<?xml version="1.0" encoding="UTF-8"?>
<testng-results ignored="0" total="1" passed="1" failed="0" skipped="0">
  <reporter-output>
  </reporter-output>
  <suite started-at="2021-02-04T13:37:38 CET" name="Default suite" finished-at="2021-02-04T13:37:38 CET" duration-ms="62">
    <groups>
    </groups>
    <test started-at="2021-02-04T13:37:38 CET" name="Default test" finished-at="2021-02-04T13:37:38 CET" duration-ms="62">
      <class name="firstProject.NewTest">
        <test-method is-config="true" signature="beforeClass()[pri:0, instance:firstProject.NewTest@7e9131d5]" started-at="2021-02-04T13:37:38 CET" name="beforeClass" finished-at="2021-02-04T13:37:38 CET" duration-ms="8" status="PASS">
          <reporter-output>
          </reporter-output>
        </test-method> <!-- beforeClass -->
        <test-method signature="f()[pri:0, instance:firstProject.NewTest@7e9131d5]" started-at="2021-02-04T13:37:38 CET" name="f" finished-at="2021-02-04T13:37:38 CET" duration-ms="11" status="PASS">
          <reporter-output>
          </reporter-output>
        </test-method> <!-- f -->
      </class> <!-- firstProject.NewTest -->
    </test> <!-- Default test -->
  </suite> <!-- Default suite -->
</testng-results>
